Files in the public directory are served at the root path.
Instead of /public/images/logo.png, use /images/logo.png.
Files in the public directory are served at the root path.
Instead of /public/images/Quality.png, use /images/Quality.png.
Files in the public directory are served at the root path.
Instead of /public/images/Sustainability.png, use /images/Sustainability.png.
Files in the public directory are served at the root path.
Instead of /public/images/about.png, use /images/about.png.
Files in the public directory are served at the root path.
Instead of /public/images/Community.png, use /images/Community.png.
Files in the public directory are served at the root path.
Instead of /public/images/pr.jpg, use /images/pr.jpg.
Files in the public directory are served at the root path.
Instead of /public/images/or.jpg, use /images/or.jpg.
Files in the public directory are served at the root path.
Instead of /public/images/ve.jpg, use /images/ve.jpg.
Files in the public directory are served at the root path.
Instead of /public/images/su.jpg, use /images/su.jpg.
Files in the public directory are served at the root path.
Instead of /public/images/ma.jpg, use /images/ma.jpg.
Files in the public directory are served at the root path.
Instead of /public/images/emp.jpg, use /images/emp.jpg.
Files in the public directory are served at the root path.
Instead of /public/images/pa.jpg, use /images/pa.jpg.
Files in the public directory are served at the root path.
Instead of /public/images/logo.png, use /images/logo.png.
Files in the public directory are served at the root path.
Instead of /public/images/Community.png, use /images/Community.png.
Files in the public directory are served at the root path.
Instead of /public/images/Sustainability.png, use /images/Sustainability.png.
Files in the public directory are served at the root path.
Instead of /public/images/about.png, use /images/about.png.
Files in the public directory are served at the root path.
Instead of /public/images/Quality.png, use /images/Quality.png.
Files in the public directory are served at the root path.
Instead of /public/images/i.jpg, use /images/i.jpg.
Files in the public directory are served at the root path.
Instead of /public/images/p.jpg, use /images/p.jpg.
Files in the public directory are served at the root path.
Instead of /public/images/s.jpg, use /images/s.jpg.
Files in the public directory are served at the root path.
Instead of /public/images/vehicle.jpg, use /images/vehicle.jpg.
Files in the public directory are served at the root path.
Instead of /public/images/ew.jpg, use /images/ew.jpg.
